2023-04-04 05:30:18 [@macs-MacBook-Pro.local]
Internal #1: Launch contract
2023-04-04 05:30:25 [@macs-MacBook-Pro.local]
Internal #1: Launch infocom
2023-04-04 05:38:56 [2@macs-MacBook-Pro.local]
Internal #1: Launch mailgate
2023-04-04 05:57:11 [2@macs-MacBook-Pro.local]
Internal #1: Launch session
2023-04-05 02:51:55 [2@macs-MacBook-Pro.local]
Internal #1: Launch graph
2023-04-05 03:02:09 [2@macs-MacBook-Pro.local]
Internal #1: Launch reservation
2023-04-05 03:07:52 [2@macs-MacBook-Pro.local]
Internal #1: Launch closeticket
2023-04-05 03:14:29 [2@macs-MacBook-Pro.local]
Internal #1: Launch alertnotclosed
2023-04-05 03:19:34 [2@macs-MacBook-Pro.local]
Internal #1: Launch slaticket
2023-04-05 05:09:24 [2@macs-MacBook-Pro.local]
Internal #1: Launch createinquest
2023-04-05 05:44:36 [@macs-MacBook-Pro.local]
Internal #1: Launch watcher
2023-04-06 03:30:49 [2@macs-MacBook-Pro.local]
Internal #1: Launch RecurrentItems
2023-04-08 02:05:42 [2@macs-MacBook-Pro.local]
Internal #1: Launch planningrecall
2023-04-08 02:20:20 [2@macs-MacBook-Pro.local]
Internal #1: Launch queuednotification
2023-04-08 02:23:11 [@macs-MacBook-Pro.local]
Internal #1: Launch queuednotificationclean
2023-04-08 02:25:43 [@macs-MacBook-Pro.local]
Internal #1: Launch temp
2023-04-08 02:25:50 [@macs-MacBook-Pro.local]
Internal #1: Launch mailgateerror
2023-04-08 02:25:57 [@macs-MacBook-Pro.local]
Internal #1: Launch certificate
2023-04-08 02:26:29 [@macs-MacBook-Pro.local]
Internal #1: Launch olaticket
2023-04-08 02:26:39 [@macs-MacBook-Pro.local]
Internal #1: Launch mailgate
2023-04-08 07:18:22 [2@macs-MacBook-Pro.local]
Internal #1: Launch slaticket
2023-04-11 02:12:41 [2@macs-MacBook-Pro.local]
Internal #1: Launch graph
2023-04-11 05:24:06 [2@macs-MacBook-Pro.local]
Internal #1: Launch reservation
2023-04-11 05:29:18 [2@macs-MacBook-Pro.local]
Internal #1: Launch contract
2023-04-13 04:18:30 [2@macs-MacBook-Pro.local]
Internal #1: Launch infocom
